CONFIG 2026-05-17 11:52:43,818 [main][Log4J2Logger.java:215] : Logging policy: Log4J2
CONFIG 2026-05-17 11:52:43,945 [main][Log4J2Logger.java:189] : Factory implementations for category GridCoverageFactory:
  org.geotools.coverage.grid.GridCoverageFactory
CONFIG 2026-05-17 11:52:44,113 [main][Log4J2Logger.java:189] : Factory implementations for category FilterFactory:
  org.geotools.filter.FilterFactoryImpl
CONFIG 2026-05-17 11:52:44,129 [main][Log4J2Logger.java:189] : Factory implementations for category StyleFactory:
  org.geotools.styling.StyleFactoryImpl
CONFIG 2026-05-17 11:52:44,137 [main][Log4J2Logger.java:189] : Factory implementations for category FeatureFactory:
  org.geotools.feature.LenientFeatureFactoryImpl
  org.geotools.feature.ValidatingFeatureFactoryImpl
DEBUG 2026-05-17 11:52:44,352 [main][Log4J2Logger.java:220] : Extension lookup 'XStreamPersisterInitializer', prior to bean geoserverExtensions initialisation.
DEBUG 2026-05-17 11:52:44,353 [main][Log4J2Logger.java:220] : Extension lookup 'ExtensionFilter', prior to bean geoserverExtensions initialisation.
DEBUG 2026-05-17 11:52:44,355 [main][Log4J2Logger.java:220] : Extension lookup 'ExtensionProvider', but provided ApplicationContext is unset.
DEBUG 2026-05-17 11:52:44,356 [main][Log4J2Logger.java:220] : Extension lookup 'ExtensionFilter', but provided ApplicationContext is unset.
DEBUG 2026-05-17 11:52:44,376 [main][Log4J2Logger.java:220] : CONFIGURING GEOSERVER LOGGING -------------------------
17 May 11:52:44 CONFIG [geoserver.logging] - Log4j 2 configuration set to DEFAULT_LOGGING.xml
17 May 11:52:46 CONFIG [org.geoserver] - GeoServer configuration lock is enabled
17 May 11:52:46 CONFIG [org.geoserver] - Loading catalog /opt/geoserver/data_dir
17 May 11:52:46 WARN   [org.geoserver] - No 'workspaces' directory found, unable to load any stores.
17 May 11:52:46 CONFIG [org.geoserver] - Read catalog in 5.480 ms
17 May 11:52:46 CONFIG [org.geoserver] - Loaded service 'csw', enabled
17 May 11:52:46 CONFIG [org.geoserver] - Loaded service 'WMSInfoImpl--62c14195:19e35c8181a:-7ffb', enabled
17 May 11:52:46 CONFIG [org.geoserver] - Loaded service 'WFSInfoImpl--62c14195:19e35c8181a:-7ffa', enabled
17 May 11:52:46 CONFIG [org.geoserver] - Loaded service 'WPSInfoImpl--62c14195:19e35c8181a:-7ff9', enabled
17 May 11:52:46 CONFIG [org.geoserver] - Loaded service 'WMTSInfoImpl--62c14195:19e35c8181a:-7ff8', enabled
17 May 11:52:46 CONFIG [org.geoserver] - Loaded service 'WCSInfoImpl--62c14195:19e35c8181a:-7ff7', enabled
17 May 11:52:46 CONFIG [gwc.config] - Will look for 'geowebcache.xml' in directory '/opt/geoserver/data_dir/gwc'.
17 May 11:52:46 CONFIG [gwc.config] - Create configuration file '/opt/geoserver/data_dir/gwc/geowebcache.xml' from template jar:file:/usr/local/tomcat/webapps/geoserver/WEB-INF/lib/gwc-core-1.24.2.jar!/geowebcache_empty.xml
17 May 11:52:46 WARN   [config.XMLConfiguration] - GWC configuration validation error: cvc-elt.1.a: Cannot find the declaration of element 'gwcConfiguration'.
17 May 11:52:46 WARN   [config.XMLConfiguration] - Will try to use configuration anyway. Please check the order of declared elements against the schema.
17 May 11:52:47 CONFIG [config.XMLConfiguration] - Initializing GridSets from /opt/geoserver/data_dir/gwc
17 May 11:52:47 CONFIG [config.XMLConfiguration] - Initializing layers from /opt/geoserver/data_dir/gwc
17 May 11:52:47 CONFIG [gwc.layer] - Initializing GWC configuration based on GeoServer's Catalog
17 May 11:52:47 CONFIG [gwc.layer] - GeoServer TileLayer store base directory is: gwc-layers
17 May 11:52:47 CONFIG [gwc.layer] - Loading tile layers from gwc-layers
17 May 11:52:47 CONFIG [gwc.layer] - Loaded 0 tile layers in 3.369 ms
17 May 11:52:47 CONFIG [storage.BlobStoreAggregator] - BlobStoreConfiguration /opt/geoserver/data_dir/gwc contained no blob store infos.
17 May 11:52:47 CONFIG [storage.DefaultStorageFinder] - Found system environment variableGEOWEBCACHE_CACHE_DIR set to /opt/geoserver/data_dir/gwc, using it as the default prefix.
17 May 11:52:47 CONFIG [gwc.config] - Initializing GeoServer specific GWC configuration from gwc-gs.xml
17 May 11:52:47 INFO   [flow.config] - Loaded control-flow rule: ows.global=100
17 May 11:52:47 INFO   [flow.config] - Loaded control-flow rule: ows.wms.getmap=10
17 May 11:52:47 INFO   [flow.config] - Loaded control-flow rule: ows.wfs.getfeature.application/msexcel=4
17 May 11:52:47 INFO   [flow.config] - Loaded control-flow rule: user=6
17 May 11:52:47 INFO   [flow.config] - Loaded control-flow rule: ows.gwc=16
17 May 11:52:47 INFO   [flow.config] - Loaded control-flow rule: user.ows.wps.execute=1000/d;30s
17 May 11:52:47 CONFIG [geoserver.flow] - Control-flow active with 6 flow controllers
17 May 11:52:50 CONFIG [gwc.config] - Will look for 'geowebcache-diskquota.xml' in directory '/opt/geoserver/data_dir/gwc'.
17 May 11:52:50 CONFIG [gwc.config] - Will look for 'geowebcache-diskquota-jdbc.xml' in directory '/opt/geoserver/data_dir/gwc'.
17 May 11:52:50 CONFIG [diskquota.ConfigLoader] - Quota config is: /opt/geoserver/data_dir/gwc/geowebcache-diskquota.xml
17 May 11:52:50 CONFIG [diskquota.ConfigLoader] - Quota config is: /opt/geoserver/data_dir/gwc/geowebcache-diskquota.xml
17 May 11:52:50 WARN   [turbojpeg.TurboJPEGMapResponse] - The turbo jpeg encoder is available for usage
17 May 11:52:52 CONFIG [geoserver.wps] - Found 5 bindable processes in GeoServer specific processes
17 May 11:52:52 CONFIG [geoserver.wps] - Found 89 bindable processes in Deprecated processes
17 May 11:52:52 CONFIG [geoserver.wps] - Found 48 bindable processes in Geometry processes
17 May 11:52:52 CONFIG [geoserver.wps] - Found 1 bindable processes in PolygonLabelProcess
17 May 11:52:52 CONFIG [geoserver.wps] - Found 1 bindable processes in geo
17 May 11:52:52 CONFIG [geoserver.wps] - Found 1 bindable processes in geo
17 May 11:52:52 CONFIG [geoserver.wps] - Blacklisting process ras:ConvolveCoverage as the input kernel of type class javax.media.jai.KernelJAI cannot be handled
17 May 11:52:52 CONFIG [geoserver.wps] - Blacklisting process ras:RasterZonalStatistics2 as the input zones of type class java.lang.Object cannot be handled
17 May 11:52:52 CONFIG [geoserver.wps] - Blacklisting process ras:RasterZonalStatistics2 as the input nodata of type class it.geosolutions.jaiext.range.Range cannot be handled
17 May 11:52:52 CONFIG [geoserver.wps] - Blacklisting process ras:RasterZonalStatistics2 as the input rangeData of type class java.lang.Object cannot be handled
17 May 11:52:52 CONFIG [geoserver.wps] - Blacklisting process ras:RasterZonalStatistics2 as the output zonal statistics of type interface java.util.List cannot be handled
17 May 11:52:52 CONFIG [geoserver.wps] - Found 18 bindable processes in Raster processes
17 May 11:52:52 CONFIG [geoserver.wps] - Blacklisting process vec:GroupCandidateSelection as the input groupingAttributes of type class java.lang.Object cannot be handled
17 May 11:52:52 CONFIG [geoserver.wps] - Found 31 bindable processes in Vector processes
17 May 11:52:53 WARN   [gce.imagemosaic] - Unable to set ordering between tiff readers spi
17 May 11:52:53 CONFIG [geowebcache.GeoWebCacheDispatcher] - Invoked setServletPrefix(gwc)
17 May 11:52:53 CONFIG [wms.WMSService] - Will NOT recombine tiles for non-tiling clients.
17 May 11:52:53 CONFIG [wms.WMSService] - Will proxy requests to backend that are not getmap or getcapabilities.
17 May 11:52:53 INFO   [geoserver.monitor] - Monitor extension enabled
17 May 11:52:54 CONFIG [diskquota.ConfigLoader] - Quota config is: /opt/geoserver/data_dir/gwc/geowebcache-diskquota.xml
17 May 11:52:54 CONFIG [diskquota.DiskQuotaMonitor] - Setting up disk quota periodic enforcement task
17 May 11:52:54 CONFIG [diskquota.DiskQuotaMonitor] - 0 layers configured with their own quotas. 
17 May 11:52:54 CONFIG [diskquota.DiskQuotaMonitor] - 0 layers attached to global quota 20.0 GB
17 May 11:52:54 CONFIG [diskquota.DiskQuotaMonitor] - Disk quota periodic enforcement task set up every 5 SECONDS
17 May 11:52:54 CONFIG [geoserver.security] - AuthenticationCache Initialized with 1000 Max Entries, 300 seconds idle time, 600 seconds time to live and 3 concurrency level
17 May 11:52:54 CONFIG [geoserver.security] - AuthenticationCache Eviction Task created to run every 600 seconds
17 May 11:52:55 CONFIG [geoserver.security] - Start reloading user/groups for service named default
17 May 11:52:55 CONFIG [geoserver.security] - Reloading user/groups successful for service named default
17 May 11:52:56 INFO   [config.XMLConfiguration] - Wrote configuration to /opt/geoserver/data_dir/gwc
17 May 11:53:39 WARN   [geoserver.security] - Failed login, user  from 172.18.0.1
17 May 11:53:39 INFO   [geoserver.security] - Brute force attack prevention, delaying login for 4957ms
17 May 11:53:55 INFO   [geoserver.security] - Strong cryptography is available
CONFIG 2026-05-17 12:18:48,270 [main][Log4J2Logger.java:215] : Logging policy: Log4J2
CONFIG 2026-05-17 12:18:48,482 [main][Log4J2Logger.java:189] : Factory implementations for category GridCoverageFactory:
  org.geotools.coverage.grid.GridCoverageFactory
CONFIG 2026-05-17 12:18:48,931 [main][Log4J2Logger.java:189] : Factory implementations for category FilterFactory:
  org.geotools.filter.FilterFactoryImpl
CONFIG 2026-05-17 12:18:48,951 [main][Log4J2Logger.java:189] : Factory implementations for category StyleFactory:
  org.geotools.styling.StyleFactoryImpl
CONFIG 2026-05-17 12:18:48,961 [main][Log4J2Logger.java:189] : Factory implementations for category FeatureFactory:
  org.geotools.feature.LenientFeatureFactoryImpl
  org.geotools.feature.ValidatingFeatureFactoryImpl
DEBUG 2026-05-17 12:18:49,308 [main][Log4J2Logger.java:220] : Extension lookup 'XStreamPersisterInitializer', prior to bean geoserverExtensions initialisation.
DEBUG 2026-05-17 12:18:49,314 [main][Log4J2Logger.java:220] : Extension lookup 'ExtensionFilter', prior to bean geoserverExtensions initialisation.
DEBUG 2026-05-17 12:18:49,317 [main][Log4J2Logger.java:220] : Extension lookup 'ExtensionProvider', but provided ApplicationContext is unset.
DEBUG 2026-05-17 12:18:49,317 [main][Log4J2Logger.java:220] : Extension lookup 'ExtensionFilter', but provided ApplicationContext is unset.
DEBUG 2026-05-17 12:18:49,345 [main][Log4J2Logger.java:220] : CONFIGURING GEOSERVER LOGGING -------------------------
17 May 12:18:49 CONFIG [geoserver.logging] - Log4j 2 configuration set to DEFAULT_LOGGING.xml
17 May 12:18:52 CONFIG [org.geoserver] - GeoServer configuration lock is enabled
17 May 12:18:52 CONFIG [org.geoserver] - Loading catalog /opt/geoserver/data_dir
17 May 12:18:52 CONFIG [org.geoserver] - Loaded style 'generic'
17 May 12:18:52 CONFIG [org.geoserver] - Loaded style 'line'
17 May 12:18:52 CONFIG [org.geoserver] - Loaded style 'point'
17 May 12:18:52 CONFIG [org.geoserver] - Loaded style 'polygon'
17 May 12:18:52 CONFIG [org.geoserver] - Loaded style 'raster'
17 May 12:18:52 WARN   [org.geoserver] - No 'workspaces' directory found, unable to load any stores.
17 May 12:18:52 CONFIG [org.geoserver] - Read catalog in 69.91 ms
17 May 12:18:52 CONFIG [org.geoserver] - Loaded service 'csw', enabled
17 May 12:18:52 CONFIG [org.geoserver] - Loaded service 'WMSInfoImpl--30fe159a:19e35dffda7:-8000', enabled
17 May 12:18:52 CONFIG [org.geoserver] - Loaded service 'WFSInfoImpl--30fe159a:19e35dffda7:-7fff', enabled
17 May 12:18:52 CONFIG [org.geoserver] - Loaded service 'WPSInfoImpl--62c14195:19e35c8181a:-7ff9', enabled
17 May 12:18:52 CONFIG [org.geoserver] - Loaded service 'WMTSInfoImpl--30fe159a:19e35dffda7:-7ffe', enabled
17 May 12:18:52 CONFIG [org.geoserver] - Loaded service 'WCSInfoImpl--30fe159a:19e35dffda7:-7ffd', enabled
17 May 12:18:52 CONFIG [gwc.config] - Will look for 'geowebcache.xml' in directory '/opt/geoserver/data_dir/gwc'.
17 May 12:18:52 CONFIG [config.XMLConfiguration] - TileLayerConfiguration file validated fine.
17 May 12:18:52 CONFIG [config.XMLConfiguration] - Initializing GridSets from /opt/geoserver/data_dir/gwc
17 May 12:18:52 INFO   [config.XMLConfiguration] - Read GridSet InspireCRS84Quad
17 May 12:18:52 CONFIG [config.XMLConfiguration] - Initializing layers from /opt/geoserver/data_dir/gwc
17 May 12:18:52 CONFIG [gwc.layer] - Initializing GWC configuration based on GeoServer's Catalog
17 May 12:18:52 CONFIG [gwc.layer] - GeoServer TileLayer store base directory is: gwc-layers
17 May 12:18:52 CONFIG [gwc.layer] - Loading tile layers from gwc-layers
17 May 12:18:52 CONFIG [gwc.layer] - Loaded 0 tile layers in 2.549 ms
17 May 12:18:52 CONFIG [storage.BlobStoreAggregator] - BlobStoreConfiguration /opt/geoserver/data_dir/gwc contained no blob store infos.
17 May 12:18:52 CONFIG [storage.DefaultStorageFinder] - Found system environment variableGEOWEBCACHE_CACHE_DIR set to /opt/geoserver/data_dir/gwc, using it as the default prefix.
17 May 12:18:52 CONFIG [gwc.config] - Initializing GeoServer specific GWC configuration from gwc-gs.xml
17 May 12:18:53 INFO   [flow.config] - Loaded control-flow rule: ows.global=100
17 May 12:18:53 INFO   [flow.config] - Loaded control-flow rule: ows.wms.getmap=10
17 May 12:18:53 INFO   [flow.config] - Loaded control-flow rule: ows.wfs.getfeature.application/msexcel=4
17 May 12:18:53 INFO   [flow.config] - Loaded control-flow rule: user=6
17 May 12:18:53 INFO   [flow.config] - Loaded control-flow rule: ows.gwc=16
17 May 12:18:53 INFO   [flow.config] - Loaded control-flow rule: user.ows.wps.execute=1000/d;30s
17 May 12:18:53 CONFIG [geoserver.flow] - Control-flow active with 6 flow controllers
17 May 12:18:56 CONFIG [gwc.config] - Will look for 'geowebcache-diskquota.xml' in directory '/opt/geoserver/data_dir/gwc'.
17 May 12:18:56 CONFIG [gwc.config] - Will look for 'geowebcache-diskquota-jdbc.xml' in directory '/opt/geoserver/data_dir/gwc'.
17 May 12:18:56 CONFIG [diskquota.ConfigLoader] - Quota config is: /opt/geoserver/data_dir/gwc/geowebcache-diskquota.xml
17 May 12:18:56 CONFIG [diskquota.ConfigLoader] - Quota config is: /opt/geoserver/data_dir/gwc/geowebcache-diskquota.xml
17 May 12:18:56 WARN   [turbojpeg.TurboJPEGMapResponse] - The turbo jpeg encoder is available for usage
17 May 12:18:58 CONFIG [geoserver.wps] - Found 5 bindable processes in GeoServer specific processes
17 May 12:18:58 CONFIG [geoserver.wps] - Found 89 bindable processes in Deprecated processes
17 May 12:18:58 CONFIG [geoserver.wps] - Found 48 bindable processes in Geometry processes
17 May 12:18:58 CONFIG [geoserver.wps] - Found 1 bindable processes in PolygonLabelProcess
17 May 12:18:58 CONFIG [geoserver.wps] - Found 1 bindable processes in geo
17 May 12:18:58 CONFIG [geoserver.wps] - Found 1 bindable processes in geo
17 May 12:18:58 CONFIG [geoserver.wps] - Blacklisting process ras:ConvolveCoverage as the input kernel of type class javax.media.jai.KernelJAI cannot be handled
17 May 12:18:58 CONFIG [geoserver.wps] - Blacklisting process ras:RasterZonalStatistics2 as the input zones of type class java.lang.Object cannot be handled
17 May 12:18:58 CONFIG [geoserver.wps] - Blacklisting process ras:RasterZonalStatistics2 as the input nodata of type class it.geosolutions.jaiext.range.Range cannot be handled
17 May 12:18:58 CONFIG [geoserver.wps] - Blacklisting process ras:RasterZonalStatistics2 as the input rangeData of type class java.lang.Object cannot be handled
17 May 12:18:58 CONFIG [geoserver.wps] - Blacklisting process ras:RasterZonalStatistics2 as the output zonal statistics of type interface java.util.List cannot be handled
17 May 12:18:58 CONFIG [geoserver.wps] - Found 18 bindable processes in Raster processes
17 May 12:18:58 CONFIG [geoserver.wps] - Blacklisting process vec:GroupCandidateSelection as the input groupingAttributes of type class java.lang.Object cannot be handled
17 May 12:18:58 CONFIG [geoserver.wps] - Found 31 bindable processes in Vector processes
17 May 12:18:58 WARN   [gce.imagemosaic] - Unable to set ordering between tiff readers spi
17 May 12:18:58 CONFIG [geowebcache.GeoWebCacheDispatcher] - Invoked setServletPrefix(gwc)
17 May 12:18:58 CONFIG [wms.WMSService] - Will NOT recombine tiles for non-tiling clients.
17 May 12:18:58 CONFIG [wms.WMSService] - Will proxy requests to backend that are not getmap or getcapabilities.
17 May 12:18:58 INFO   [geoserver.monitor] - Monitor extension enabled
17 May 12:18:59 CONFIG [diskquota.ConfigLoader] - Quota config is: /opt/geoserver/data_dir/gwc/geowebcache-diskquota.xml
17 May 12:18:59 CONFIG [diskquota.DiskQuotaMonitor] - Setting up disk quota periodic enforcement task
17 May 12:18:59 CONFIG [diskquota.DiskQuotaMonitor] - 0 layers configured with their own quotas. 
17 May 12:18:59 CONFIG [diskquota.DiskQuotaMonitor] - 0 layers attached to global quota 20.0 GB
17 May 12:18:59 CONFIG [diskquota.DiskQuotaMonitor] - Disk quota periodic enforcement task set up every 5 SECONDS
17 May 12:18:59 WARN   [servlet.BaseMapServlet] - Cannot delete file:/usr/local/tomcat/work/Catalina/localhost/geoserver/wicket-filestore
17 May 12:19:00 CONFIG [geoserver.security] - Start reloading user/groups for service named default
17 May 12:19:00 CONFIG [geoserver.security] - Reloading user/groups successful for service named default
17 May 12:19:00 CONFIG [geoserver.security] - AuthenticationCache Initialized with 1000 Max Entries, 300 seconds idle time, 600 seconds time to live and 3 concurrency level
17 May 12:19:00 CONFIG [geoserver.security] - AuthenticationCache Eviction Task created to run every 600 seconds
17 May 12:19:15 WARN   [servlet.PageNotFound] - No mapping for GET /geoserver/gis/wms
17 May 12:19:15 WARN   [servlet.PageNotFound] - No mapping for GET /geoserver/gis/wms
17 May 12:19:15 WARN   [servlet.PageNotFound] - No mapping for GET /geoserver/gis/wms
17 May 12:34:43 WARN   [servlet.PageNotFound] - No mapping for GET /geoserver/gis/wms
17 May 12:34:43 WARN   [servlet.PageNotFound] - No mapping for GET /geoserver/gis/wms
17 May 12:34:43 WARN   [servlet.PageNotFound] - No mapping for GET /geoserver/gis/wms
17 May 13:00:09 CONFIG [gwc.layer] - GeoServer TileLayer store base directory is: gwc-layers
17 May 13:00:09 CONFIG [gwc.layer] - Loading tile layers from gwc-layers
17 May 13:00:09 CONFIG [gwc.layer] - Loaded 0 tile layers in 685.1 μs
17 May 13:00:09 CONFIG [gwc.layer] - GeoServer TileLayer store base directory is: gwc-layers
17 May 13:00:09 CONFIG [gwc.layer] - Loading tile layers from gwc-layers
17 May 13:00:09 CONFIG [gwc.layer] - Loaded 0 tile layers in 686.2 μs
17 May 13:00:09 INFO   [jdbc.JDBCQuotaStore] - Closing up the JDBC quota store 
17 May 13:00:09 WARN   [support.DisposableBeanAdapter] - Custom destroy method 'destroy' on bean with name 'gwcMemoryBlobStore' threw an exception: java.util.concurrent.RejectedExecutionException: Task java.util.concurrent.FutureTask@6a34545a[Not completed, task = org.geowebcache.storage.blobstore.memory.MemoryBlobStore$BlobStoreTask@327f3d67] rejected from java.util.concurrent.ThreadPoolExecutor@492487e7[Terminated, pool size = 0, active threads = 0, queued tasks = 0, completed tasks = 1]
17 May 13:00:09 INFO   [geoserver.logging] - Beginning GeoServer cleanup sequence
CONFIG 2026-05-17 13:02:16,524 [main][Log4J2Logger.java:215] : Logging policy: Log4J2
CONFIG 2026-05-17 13:02:16,662 [main][Log4J2Logger.java:189] : Factory implementations for category GridCoverageFactory:
  org.geotools.coverage.grid.GridCoverageFactory
CONFIG 2026-05-17 13:02:16,951 [main][Log4J2Logger.java:189] : Factory implementations for category FilterFactory:
  org.geotools.filter.FilterFactoryImpl
CONFIG 2026-05-17 13:02:16,968 [main][Log4J2Logger.java:189] : Factory implementations for category StyleFactory:
  org.geotools.styling.StyleFactoryImpl
CONFIG 2026-05-17 13:02:16,973 [main][Log4J2Logger.java:189] : Factory implementations for category FeatureFactory:
  org.geotools.feature.LenientFeatureFactoryImpl
  org.geotools.feature.ValidatingFeatureFactoryImpl
DEBUG 2026-05-17 13:02:17,181 [main][Log4J2Logger.java:220] : Extension lookup 'XStreamPersisterInitializer', prior to bean geoserverExtensions initialisation.
DEBUG 2026-05-17 13:02:17,183 [main][Log4J2Logger.java:220] : Extension lookup 'ExtensionFilter', prior to bean geoserverExtensions initialisation.
DEBUG 2026-05-17 13:02:17,185 [main][Log4J2Logger.java:220] : Extension lookup 'ExtensionProvider', but provided ApplicationContext is unset.
DEBUG 2026-05-17 13:02:17,186 [main][Log4J2Logger.java:220] : Extension lookup 'ExtensionFilter', but provided ApplicationContext is unset.
DEBUG 2026-05-17 13:02:17,207 [main][Log4J2Logger.java:220] : CONFIGURING GEOSERVER LOGGING -------------------------
